2014-03-06 06:46:25.1861|ERROR|Error|System.Exception: test 1234
This is a test message
2014-03-06 06:47:17.9604|ERROR|Error|System.Exception: test 1234
This is a test message
