<?xml version="1.0" encoding="UTF-8"?>
<TestRun id="52f91f78-6ade-4ca1-93b1-2f613bdb6a35" name="achahal@S24S104 2013-01-18 16:50:19" runUser="ESCOUTNET\achahal" xmlns="http://microsoft.com/schemas/VisualStudio/TeamTest/2010">
  <TestSettings name="Local" id="ba7c3b81-89d2-4976-b032-f712b6ba6f57">
    <Description>These are default test settings for a local test run.</Description>
    <Deployment userDeploymentRoot="D:\ajit\rnd\CastleActiveRecordTest\TestResults" useDefaultDeploymentRoot="false" enabled="false" runDeploymentRoot="achahal_S24S104 2013-01-18 16_50_19">
      <DeploymentItem filename="D:\ajit\rnd\CastleActiveRecordTest\CastleActiveRecordTest\shared\NHibernate.ByteCode.Castle.dll" />
      <DeploymentItem filename="D:\ajit\rnd\CastleActiveRecordTest\CastleActiveRecordTest\shared\Castle.Components.Validator.dll" />
      <DeploymentItem filename="D:\ajit\rnd\CastleActiveRecordTest\packages\Iesi.Collections.3.2.0.4000\lib\Net35\Iesi.Collections.dll" />
      <DeploymentItem filename="D:\ajit\rnd\CastleActiveRecordTest\CastleActiveRecordTest\bin\CastleActiveRecordTest.dll" />
      <DeploymentItem filename="D:\ajit\rnd\CastleActiveRecordTest\CastleActiveRecordTest\shared\Castle.Core.dll" />
      <DeploymentItem filename="D:\ajit\rnd\CastleActiveRecordTest\CastleActiveRecordTest\shared\Castle.ActiveRecord.Web.dll" />
      <DeploymentItem filename="D:\ajit\rnd\CastleActiveRecordTest\NewTest\bin\Debug\NHibernate.dll" />
      <DeploymentItem filename="D:\ajit\rnd\CastleActiveRecordTest\CastleActiveRecordTest\shared\Castle.ActiveRecord.dll" />
      <DeploymentItem filename="D:\ajit\rnd\CastleActiveRecordTest\NewTest\bin\Debug\EntityFramework.dll" />
      <DeploymentItem filename="D:\ajit\rnd\CastleActiveRecordTest\packages\Castle.Activerecord.3.0.0.1\lib\Net40\NHibernate.Search.dll" />
    </Deployment>
    <Execution>
      <TestTypeSpecific />
      <AgentRule name="Execution Agents">
      </AgentRule>
    </Execution>
  </TestSettings>
  <Times creation="2013-01-18T16:50:19.3448413+01:00" queuing="2013-01-18T16:50:20.1769245+01:00" start="2013-01-18T16:50:20.2199288+01:00" finish="2013-01-18T16:50:33.4532520+01:00" />
  <ResultSummary outcome="Error">
    <Counters total="1" executed="1" error="0" failed="0" timeout="0" aborted="1" inconclusive="0" passedButRunAborted="0" notRunnable="0" notExecuted="0" disconnected="0" warning="0" passed="0" completed="0" inProgress="0" pending="0" />
    <RunInfos>
      <RunInfo computerName="S24S104" outcome="Error" timestamp="2013-01-18T16:50:33.4532520+01:00">
        <Text>Test host process exited unexpectedly.</Text>
      </RunInfo>
    </RunInfos>
  </ResultSummary>
  <TestDefinitions>
    <UnitTest name="ReportsTest" storage="d:\ajit\rnd\castleactiverecordtest\newtest\bin\debug\newtest.dll" id="03d270b5-d083-8190-2451-084ac855050e">
      <Execution id="d754c104-cfa8-4e5d-9248-0a395849b5b6" />
      <TestMethod codeBase="D:/ajit/rnd/CastleActiveRecordTest/NewTest/bin/Debug/NewTest.DLL" adapterTypeName="Microsoft.VisualStudio.TestTools.TestTypes.Unit.UnitTestAdapter, Microsoft.VisualStudio.QualityTools.Tips.UnitTest.Adapter, Version=10.0.0.0, Culture=neutral, PublicKeyToken=b03f5f7f11d50a3a" className="NewTest.MvcApplicationTest, NewTest, Version=1.0.0.0, Culture=neutral, PublicKeyToken=null" name="ReportsTest" />
    </UnitTest>
  </TestDefinitions>
  <TestLists>
    <TestList name="Results Not in a List" id="8c84fa94-04c1-424b-9868-57a2d4851a1d" />
    <TestList name="All Loaded Results" id="19431567-8539-422a-85d7-44ee4e166bda" />
  </TestLists>
  <TestEntries>
    <TestEntry testId="03d270b5-d083-8190-2451-084ac855050e" executionId="d754c104-cfa8-4e5d-9248-0a395849b5b6" testListId="8c84fa94-04c1-424b-9868-57a2d4851a1d" />
  </TestEntries>
  <Results>
    <UnitTestResult executionId="d754c104-cfa8-4e5d-9248-0a395849b5b6" testId="03d270b5-d083-8190-2451-084ac855050e" testName="ReportsTest" computerName="S24S104" duration="00:00:13.2123211" startTime="2013-01-18T16:50:20.2409309+01:00" endTime="2013-01-18T16:50:33.4532520+01:00" testType="13cdc9d9-ddb5-4fa4-a97d-d965ccfc6d4b" outcome="Aborted" testListId="8c84fa94-04c1-424b-9868-57a2d4851a1d" relativeResultsDirectory="d754c104-cfa8-4e5d-9248-0a395849b5b6">
    </UnitTestResult>
  </Results>
</TestRun>