<?xml version="1.0" encoding="UTF-8"?>
<TestRun id="54d33c6e-ba9f-4b35-bb7b-1c3012954e2a" name="achahal@S24S104 2013-01-18 16:40:50" runUser="ESCOUTNET\achahal" xmlns="http://microsoft.com/schemas/VisualStudio/TeamTest/2010">
  <TestSettings name="Local" id="ba7c3b81-89d2-4976-b032-f712b6ba6f57">
    <Description>These are default test settings for a local test run.</Description>
    <Deployment enabled="false" runDeploymentRoot="achahal_S24S104 2013-01-18 16_40_50">
      <DeploymentItem filename="D:\ajit\rnd\CastleActiveRecordTest\NewTest\bin\Debug\Castle.Core.dll" />
      <DeploymentItem filename="D:\ajit\rnd\CastleActiveRecordTest\CastleActiveRecordTest\bin\CastleActiveRecordTest.dll" />
      <DeploymentItem filename="D:\ajit\rnd\CastleActiveRecordTest\packages\Castle.Activerecord.3.0.0.1\lib\Net40\Castle.ActiveRecord.Web.dll" />
      <DeploymentItem filename="D:\ajit\rnd\CastleActiveRecordTest\packages\Castle.Activerecord.3.0.0.1\lib\Net40\Castle.ActiveRecord.dll" />
      <DeploymentItem filename="D:\ajit\rnd\CastleActiveRecordTest\packages\Iesi.Collections.3.2.0.4000\lib\Net35\Iesi.Collections.dll" />
      <DeploymentItem filename="D:\ajit\rnd\CastleActiveRecordTest\packages\Castle.Components.Validator.2.5.0\lib\NET40\Castle.Components.Validator.dll" />
      <DeploymentItem filename="D:\ajit\rnd\CastleActiveRecordTest\NewTest\bin\Debug\NHibernate.dll" />
      <DeploymentItem filename="D:\ajit\rnd\CastleActiveRecordTest\NewTest\bin\Debug\EntityFramework.dll" />
      <DeploymentItem filename="D:\ajit\rnd\CastleActiveRecordTest\packages\Castle.Activerecord.3.0.0.1\lib\Net40\NHibernate.Search.dll" />
    </Deployment>
    <Execution>
      <TestTypeSpecific />
      <AgentRule name="Execution Agents">
      </AgentRule>
    </Execution>
  </TestSettings>
  <Times creation="2013-01-18T16:40:50.1079233+01:00" queuing="2013-01-18T16:40:50.8619987+01:00" start="2013-01-18T16:40:50.8940019+01:00" finish="2013-01-18T16:40:55.2534378+01:00" />
  <ResultSummary outcome="Completed">
    <Counters total="1" executed="1" passed="1" error="0" failed="0" timeout="0" aborted="0" inconclusive="0" passedButRunAborted="0" notRunnable="0" notExecuted="0" disconnected="0" warning="0" completed="0" inProgress="0" pending="0" />
  </ResultSummary>
  <TestDefinitions>
    <UnitTest name="ReportsTest" storage="d:\ajit\rnd\castleactiverecordtest\newtest\bin\debug\newtest.dll" id="03d270b5-d083-8190-2451-084ac855050e">
      <Execution id="143cc5be-5cab-4d6b-b3b7-f0ffdcf2588c" />
      <TestMethod codeBase="D:/ajit/rnd/CastleActiveRecordTest/NewTest/bin/Debug/NewTest.DLL" adapterTypeName="Microsoft.VisualStudio.TestTools.TestTypes.Unit.UnitTestAdapter, Microsoft.VisualStudio.QualityTools.Tips.UnitTest.Adapter, Version=10.0.0.0, Culture=neutral, PublicKeyToken=b03f5f7f11d50a3a" className="NewTest.MvcApplicationTest, NewTest, Version=1.0.0.0, Culture=neutral, PublicKeyToken=null" name="ReportsTest" />
    </UnitTest>
  </TestDefinitions>
  <TestLists>
    <TestList name="Results Not in a List" id="8c84fa94-04c1-424b-9868-57a2d4851a1d" />
    <TestList name="All Loaded Results" id="19431567-8539-422a-85d7-44ee4e166bda" />
  </TestLists>
  <TestEntries>
    <TestEntry testId="03d270b5-d083-8190-2451-084ac855050e" executionId="143cc5be-5cab-4d6b-b3b7-f0ffdcf2588c" testListId="8c84fa94-04c1-424b-9868-57a2d4851a1d" />
  </TestEntries>
  <Results>
    <UnitTestResult executionId="143cc5be-5cab-4d6b-b3b7-f0ffdcf2588c" testId="03d270b5-d083-8190-2451-084ac855050e" testName="ReportsTest" computerName="S24S104" duration="00:00:00.3889080" startTime="2013-01-18T16:40:50.9170042+01:00" endTime="2013-01-18T16:40:53.6752800+01:00" testType="13cdc9d9-ddb5-4fa4-a97d-d965ccfc6d4b" outcome="Passed" testListId="8c84fa94-04c1-424b-9868-57a2d4851a1d" relativeResultsDirectory="143cc5be-5cab-4d6b-b3b7-f0ffdcf2588c">
    </UnitTestResult>
  </Results>
</TestRun>