<?xml version="1.0" encoding="UTF-8"?>
<TestRun id="19177597-13fa-4769-b8f4-4db671a4df6f" name="achahal@S24S104 2014-01-10 15:39:38" runUser="ESCOUTNET\achahal" xmlns="http://microsoft.com/schemas/VisualStudio/TeamTest/2010">
  <TestSettings name="Local" id="5c752ad2-59f7-4de0-8d7e-432db6d9aa07">
    <Description>These are default test settings for a local test run.</Description>
    <Deployment enabled="false" runDeploymentRoot="achahal_S24S104 2014-01-10 15_39_38">
      <DeploymentItem filename="D:\ajit\rnd\Ajit.DetectMyIp.Service\Ajit.DetectMyIp\bin\Debug\Ajit.DetectMyIp.dll" />
      <DeploymentItem filename="D:\ajit\rnd\Ajit.DetectMyIp.Service\packages\Newtonsoft.Json.5.0.8\lib\net40\Newtonsoft.Json.dll" />
      <DeploymentItem filename="C:\Program Files (x86)\Microsoft ASP.NET\ASP.NET MVC 4\Assemblies\System.Net.Http.dll" />
    </Deployment>
    <Execution>
      <TestTypeSpecific />
      <AgentRule name="Execution Agents">
      </AgentRule>
    </Execution>
  </TestSettings>
  <Times creation="2014-01-10T15:39:38.4208315+01:00" queuing="2014-01-10T15:39:39.5738315+01:00" start="2014-01-10T15:39:39.6228315+01:00" finish="2014-01-10T15:39:58.9808315+01:00" />
  <ResultSummary outcome="Error">
    <Counters total="1" executed="1" error="0" failed="0" timeout="0" aborted="1" inconclusive="0" passedButRunAborted="0" notRunnable="0" notExecuted="0" disconnected="0" warning="0" passed="0" completed="0" inProgress="0" pending="0" />
    <RunInfos>
      <RunInfo computerName="S24S104" outcome="Error" timestamp="2014-01-10T15:39:58.9798315+01:00">
        <Text>Test host process exited unexpectedly.</Text>
      </RunInfo>
    </RunInfos>
  </ResultSummary>
  <TestDefinitions>
    <UnitTest name="GetMyIpTest" storage="d:\ajit\rnd\ajit.detectmyip.service\ajit.detectmyip.test\bin\debug\ajit.detectmyip.test.dll" id="b53f1bee-feed-bd40-8679-9e0eddd43b2e">
      <Execution id="7ce53955-7bf2-454f-a710-9eb51f0018f5" />
      <TestMethod codeBase="D:/ajit/rnd/Ajit.DetectMyIp.Service/Ajit.DetectMyIp.Test/bin/Debug/Ajit.DetectMyIp.Test.DLL" adapterTypeName="Microsoft.VisualStudio.TestTools.TestTypes.Unit.UnitTestAdapter, Microsoft.VisualStudio.QualityTools.Tips.UnitTest.Adapter, Version=10.0.0.0, Culture=neutral, PublicKeyToken=b03f5f7f11d50a3a" className="Ajit.DetectMyIp.Test.IpDetectServiceTest, Ajit.DetectMyIp.Test, Version=1.0.0.0, Culture=neutral, PublicKeyToken=null" name="GetMyIpTest" />
    </UnitTest>
  </TestDefinitions>
  <TestLists>
    <TestList name="Results Not in a List" id="8c84fa94-04c1-424b-9868-57a2d4851a1d" />
    <TestList name="All Loaded Results" id="19431567-8539-422a-85d7-44ee4e166bda" />
  </TestLists>
  <TestEntries>
    <TestEntry testId="b53f1bee-feed-bd40-8679-9e0eddd43b2e" executionId="7ce53955-7bf2-454f-a710-9eb51f0018f5" testListId="8c84fa94-04c1-424b-9868-57a2d4851a1d" />
  </TestEntries>
  <Results>
    <UnitTestResult executionId="7ce53955-7bf2-454f-a710-9eb51f0018f5" testId="b53f1bee-feed-bd40-8679-9e0eddd43b2e" testName="GetMyIpTest" computerName="S24S104" duration="00:00:19.3360000" startTime="2014-01-10T15:39:39.6448315+01:00" endTime="2014-01-10T15:39:58.9808315+01:00" testType="13cdc9d9-ddb5-4fa4-a97d-d965ccfc6d4b" outcome="Aborted" testListId="8c84fa94-04c1-424b-9868-57a2d4851a1d" relativeResultsDirectory="7ce53955-7bf2-454f-a710-9eb51f0018f5">
    </UnitTestResult>
  </Results>
</TestRun>