<?xml version="1.0" encoding="UTF-8"?>
<TestRun id="a7a221d7-b83a-4fba-9550-ebee86285dcc" name="achahal@S24S104 2012-08-31 16:53:31" runUser="ESCOUTNET\achahal" xmlns="http://microsoft.com/schemas/VisualStudio/TeamTest/2010">
  <TestSettings name="Local" id="5069fc2f-3c19-48d3-ac04-26a734c6588f">
    <Description>These are default test settings for a local test run.</Description>
    <Deployment enabled="false" runDeploymentRoot="achahal_S24S104 2012-08-31 16_53_31">
      <DeploymentItem filename="D:\ajit\rnd\ActiveRecordRelations\packages\NHibernate.3.1.0.4000\lib\Net35\NHibernate.dll" />
      <DeploymentItem filename="D:\ajit\rnd\ActiveRecordRelations\ARR.Business\bin\Debug\ARR.Business.dll" />
      <DeploymentItem filename="D:\ajit\rnd\ActiveRecordRelations\shared\Castle.ActiveRecord.Web.dll" />
      <DeploymentItem filename="D:\ajit\rnd\ActiveRecordRelations\packages\Iesi.Collections.3.1.0.4000\lib\Net35\Iesi.Collections.dll" />
      <DeploymentItem filename="D:\ajit\rnd\ActiveRecordRelations\shared\Castle.Components.Validator.dll" />
      <DeploymentItem filename="D:\ajit\rnd\ActiveRecordRelations\shared\Castle.Core.dll" />
      <DeploymentItem filename="D:\ajit\rnd\ActiveRecordRelations\shared\Castle.ActiveRecord.dll" />
      <DeploymentItem filename="D:\ajit\rnd\ActiveRecordRelations\shared\NHibernate.ByteCode.Castle.dll" />
    </Deployment>
    <Execution>
      <TestTypeSpecific />
      <AgentRule name="Execution Agents">
      </AgentRule>
    </Execution>
  </TestSettings>
  <Times creation="2012-08-31T16:53:31.1522526+02:00" queuing="2012-08-31T16:53:32.3733747+02:00" start="2012-08-31T16:53:32.4143788+02:00" finish="2012-08-31T16:53:34.4345808+02:00" />
  <ResultSummary outcome="Failed">
    <Counters total="1" executed="1" error="0" failed="1" timeout="0" aborted="0" inconclusive="0" passedButRunAborted="0" notRunnable="0" notExecuted="0" disconnected="0" warning="0" passed="0" completed="0" inProgress="0" pending="0" />
  </ResultSummary>
  <TestDefinitions>
    <UnitTest name="NewCategoryTest" storage="d:\ajit\rnd\activerecordrelations\testproject1\bin\debug\testproject1.dll" id="b110b622-d327-6282-a428-c10841ecf18f">
      <Execution id="f8cc41bf-eb7f-49f3-98a3-0fbbd61e9f53" />
      <TestMethod codeBase="D:/ajit/rnd/ActiveRecordRelations/TestProject1/bin/Debug/TestProject1.DLL" adapterTypeName="Microsoft.VisualStudio.TestTools.TestTypes.Unit.UnitTestAdapter, Microsoft.VisualStudio.QualityTools.Tips.UnitTest.Adapter, Version=10.0.0.0, Culture=neutral, PublicKeyToken=b03f5f7f11d50a3a" className="TestProject1.ProductTest, TestProject1, Version=1.0.0.0, Culture=neutral, PublicKeyToken=null" name="NewCategoryTest" />
    </UnitTest>
  </TestDefinitions>
  <TestLists>
    <TestList name="Results Not in a List" id="8c84fa94-04c1-424b-9868-57a2d4851a1d" />
    <TestList name="All Loaded Results" id="19431567-8539-422a-85d7-44ee4e166bda" />
  </TestLists>
  <TestEntries>
    <TestEntry testId="b110b622-d327-6282-a428-c10841ecf18f" executionId="f8cc41bf-eb7f-49f3-98a3-0fbbd61e9f53" testListId="8c84fa94-04c1-424b-9868-57a2d4851a1d" />
  </TestEntries>
  <Results>
    <UnitTestResult executionId="f8cc41bf-eb7f-49f3-98a3-0fbbd61e9f53" testId="b110b622-d327-6282-a428-c10841ecf18f" testName="NewCategoryTest" computerName="S24S104" startTime="2012-08-31T16:53:32.4403814+02:00" endTime="2012-08-31T16:53:34.3555729+02:00" testType="13cdc9d9-ddb5-4fa4-a97d-d965ccfc6d4b" outcome="Failed" testListId="8c84fa94-04c1-424b-9868-57a2d4851a1d" relativeResultsDirectory="f8cc41bf-eb7f-49f3-98a3-0fbbd61e9f53">
      <Output>
        <ErrorInfo>
          <Message>Class Initialization method TestProject1.ProductTest.MyClassInitialize threw exception. Castle.ActiveRecord.Framework.ActiveRecordException: Castle.ActiveRecord.Framework.ActiveRecordException: Could not create the schema ---&gt; NHibernate.MappingException: An association from the table Order refers to an unmapped class: ARR.Business.Entitiy.Order.</Message>
          <StackTrace>    at NHibernate.Cfg.Configuration.LogAndThrow(Exception exception)
   at NHibernate.Cfg.Configuration.SecondPassCompileForeignKeys(Table table, ISet done)
   at NHibernate.Cfg.Configuration.SecondPassCompile()
   at NHibernate.Cfg.Configuration.GenerateDropSchemaScript(Dialect dialect)
   at NHibernate.Tool.hbm2ddl.SchemaExport.Initialize()
   at NHibernate.Tool.hbm2ddl.SchemaExport.Execute(Action`1 scriptAction, Boolean export, Boolean justDrop)
   at Castle.ActiveRecord.ActiveRecordStarter.CreateSchema()
 --- End of inner exception stack trace ---
    at Castle.ActiveRecord.ActiveRecordStarter.CreateSchema()
   at ARR.Business.PersistenceHelper.CreateDbSchema() in D:\ajit\rnd\ActiveRecordRelations\ARR.Business\PersistenceHelper.cs:line 25
   at TestProject1.ProductTest.MyClassInitialize(TestContext testContext) in D:\ajit\rnd\ActiveRecordRelations\TestProject1\ProductTest.cs:line 67
</StackTrace>
        </ErrorInfo>
      </Output>
    </UnitTestResult>
  </Results>
</TestRun>